<?xml version="1.0" encoding="UTF-8"?>
<!-- Generated by org.testng.reporters.JUnitXMLReporter -->
<testsuite ignored="0" hostname="DESKTOP-FQAP750" failures="0" tests="3" name="AddCustomer Test" time="7.737" errors="0" timestamp="2023-02-08T11:17:31 IST">
  <testcase classname="com.bank.testcases.AddCustomerTest" name="addCustomer" time="2.859"/>
  <testcase classname="com.bank.testcases.AddCustomerTest" name="addCustomer" time="2.341"/>
  <testcase classname="com.bank.testcases.AddCustomerTest" name="addCustomer" time="2.493"/>
</testsuite> <!-- AddCustomer Test -->
